<?xml version="1.0" encoding="UTF-8"?>
<testsuite name="designPatterns.structural.flyweight.ConvoyFlyweightRendererTest" tests="2" skipped="0" failures="0" errors="0" timestamp="2018-04-20T18:50:08" hostname="CNU35191GK" time="0.002">
  <properties/>
  <testcase name="shouldRenderSingleConvoyMember" classname="designPatterns.structural.flyweight.ConvoyFlyweightRendererTest" time="0.001"/>
  <testcase name="shouldRenderConvoyMembersWithOptimization_whenDuplicatedTypes" classname="designPatterns.structural.flyweight.ConvoyFlyweightRendererTest" time="0.0"/>
  <system-out><![CDATA[]]></system-out>
  <system-err><![CDATA[]]></system-err>
</testsuite>
