<?xml version="1.0" encoding="UTF-8"?>
<testsuite name="apis.standard.varargs.VarArgsTest" tests="3" skipped="0" failures="0" errors="0" timestamp="2018-04-20T18:50:07" hostname="CNU35191GK" time="0.001">
  <properties/>
  <testcase name="checkVarArgsMethodWithTwoArguments" classname="apis.standard.varargs.VarArgsTest" time="0.0"/>
  <testcase name="checkVarArgsMethodWithOneArgument" classname="apis.standard.varargs.VarArgsTest" time="0.0"/>
  <testcase name="checkVarArgsMethodWithoutArguments" classname="apis.standard.varargs.VarArgsTest" time="0.0"/>
  <system-out><![CDATA[]]></system-out>
  <system-err><![CDATA[]]></system-err>
</testsuite>
