<?xml version="1.0" encoding="UTF-8"?>
<testsuite name="apis.standard.optional.OptionalTest" tests="4" skipped="0" failures="0" errors="0" timestamp="2018-04-20T18:50:07" hostname="CNU35191GK" time="0.002">
  <properties/>
  <testcase name="shoulCreateEmptyOptional_whenOfNullableCreation" classname="apis.standard.optional.OptionalTest" time="0.001"/>
  <testcase name="shoulthrowNoSuchElementException_whenAccessToEmptyOptional" classname="apis.standard.optional.OptionalTest" time="0.0"/>
  <testcase name="shoulSuccessfullyGetInstanceFromOptional" classname="apis.standard.optional.OptionalTest" time="0.0"/>
  <testcase name="shoulthrowNullPointerException_whenCreateOptionalFromNull" classname="apis.standard.optional.OptionalTest" time="0.0"/>
  <system-out><![CDATA[]]></system-out>
  <system-err><![CDATA[]]></system-err>
</testsuite>
