<?xml version="1.0" encoding="UTF-8"?>
<testsuite name="designPatterns.structural.decorator.ArmoredCarTest" tests="1" skipped="0" failures="0" errors="0" timestamp="2018-04-20T18:50:08" hostname="CNU35191GK" time="0.001">
  <properties/>
  <testcase name="shouldDriveSuccessfully_withArmoredCarDecorator" classname="designPatterns.structural.decorator.ArmoredCarTest" time="0.001"/>
  <system-out><![CDATA[]]></system-out>
  <system-err><![CDATA[]]></system-err>
</testsuite>
