<?xml version="1.0" encoding="UTF-8"?>
<testsuite name="designPatterns.behavioral.strategy.HumanContextTest" tests="4" skipped="0" failures="0" errors="0" timestamp="2018-04-20T18:50:07" hostname="CNU35191GK" time="0.006">
  <properties/>
  <testcase name="shouldDecreasePower_whenJumpingActionStrategy" classname="designPatterns.behavioral.strategy.HumanContextTest" time="0.002"/>
  <testcase name="shouldIncreasePower_whenEatingActionStrategy" classname="designPatterns.behavioral.strategy.HumanContextTest" time="0.002"/>
  <testcase name="shouldIncreasePower_whenSleepingActionStrategy" classname="designPatterns.behavioral.strategy.HumanContextTest" time="0.001"/>
  <testcase name="shouldThrowHumanDeadException_whenOverjumping" classname="designPatterns.behavioral.strategy.HumanContextTest" time="0.0"/>
  <system-out><![CDATA[]]></system-out>
  <system-err><![CDATA[]]></system-err>
</testsuite>
