<?xml version="1.0" encoding="UTF-8"?>
<testsuite name="designPatterns.behavioral.visitor.MaintenanceJanitorVisitorTest" tests="4" skipped="0" failures="0" errors="0" timestamp="2018-04-20T18:50:08" hostname="CNU35191GK" time="0.001">
  <properties/>
  <testcase name="shouldRepairResearchBuilding" classname="designPatterns.behavioral.visitor.MaintenanceJanitorVisitorTest" time="0.001"/>
  <testcase name="shouldRepairProductionBuilding" classname="designPatterns.behavioral.visitor.MaintenanceJanitorVisitorTest" time="0.0"/>
  <testcase name="shouldRepairShopBuilding" classname="designPatterns.behavioral.visitor.MaintenanceJanitorVisitorTest" time="0.0"/>
  <testcase name="shouldNotRepairResearchBuilding_whenDirty" classname="designPatterns.behavioral.visitor.MaintenanceJanitorVisitorTest" time="0.0"/>
  <system-out><![CDATA[]]></system-out>
  <system-err><![CDATA[]]></system-err>
</testsuite>
