<?xml version="1.0" encoding="UTF-8"?>
<testsuite name="designPatterns.behavioral.state.SpaceConstructionVehicleTest" tests="3" skipped="0" failures="0" errors="0" timestamp="2018-04-20T18:50:07" hostname="CNU35191GK" time="0.004">
  <properties/>
  <testcase name="shouldExecuteConstructingState" classname="designPatterns.behavioral.state.SpaceConstructionVehicleTest" time="0.001"/>
  <testcase name="shouldExecuteIdleState" classname="designPatterns.behavioral.state.SpaceConstructionVehicleTest" time="0.0"/>
  <testcase name="shouldExecuteRepairingState" classname="designPatterns.behavioral.state.SpaceConstructionVehicleTest" time="0.001"/>
  <system-out><![CDATA[]]></system-out>
  <system-err><![CDATA[]]></system-err>
</testsuite>
