<?xml version="1.0" encoding="UTF-8"?>
<testsuite name="designPatterns.structural.composite.OrcUnitTest" tests="2" skipped="0" failures="0" errors="0" timestamp="2018-04-20T18:50:08" hostname="CNU35191GK" time="0.005">
  <properties/>
  <testcase name="shoultGetGroupAttackPower_forCleanLeader" classname="designPatterns.structural.composite.OrcUnitTest" time="0.004"/>
  <testcase name="shoultGetGroupAttackPower_forWarchief" classname="designPatterns.structural.composite.OrcUnitTest" time="0.001"/>
  <system-out><![CDATA[]]></system-out>
  <system-err><![CDATA[]]></system-err>
</testsuite>
