<?xml version="1.0" encoding="UTF-8"?>
<testsuite name="designPatterns.creational.prototype.SheepTest" tests="2" skipped="0" failures="0" errors="0" timestamp="2018-04-20T18:50:08" hostname="CNU35191GK" time="0.0">
  <properties/>
  <testcase name="shouldClonedSheepHasDifferendRefernce" classname="designPatterns.creational.prototype.SheepTest" time="0.0"/>
  <testcase name="shouldClonedSheepHasEqualsParameters" classname="designPatterns.creational.prototype.SheepTest" time="0.0"/>
  <system-out><![CDATA[]]></system-out>
  <system-err><![CDATA[]]></system-err>
</testsuite>
