<?xml version="1.0" encoding="UTF-8"?>
<testsuite name="designPatterns.creational.factory.TrooperFatoryTest" tests="3" skipped="0" failures="0" errors="0" timestamp="2018-04-20T18:50:08" hostname="CNU35191GK" time="0.009">
  <properties/>
  <testcase name="shouldCreateSnowTrooper" classname="designPatterns.creational.factory.TrooperFatoryTest" time="0.006"/>
  <testcase name="shouldCreateStormTrooper" classname="designPatterns.creational.factory.TrooperFatoryTest" time="0.001"/>
  <testcase name="shouldCreateDeathTrooper" classname="designPatterns.creational.factory.TrooperFatoryTest" time="0.001"/>
  <system-out><![CDATA[]]></system-out>
  <system-err><![CDATA[]]></system-err>
</testsuite>
