<?xml version="1.0" encoding="UTF-8"?>
<testsuite name="designPatterns.behavioral.mediator.SawmillWorkflowMediatorTest" tests="2" skipped="0" failures="0" errors="0" timestamp="2018-04-20T18:50:07" hostname="CNU35191GK" time="0.002">
  <properties/>
  <testcase name="shouldNotGetTreeLogs_whenNoWorkers" classname="designPatterns.behavioral.mediator.SawmillWorkflowMediatorTest" time="0.001"/>
  <testcase name="shouldGetTreeLogs" classname="designPatterns.behavioral.mediator.SawmillWorkflowMediatorTest" time="0.001"/>
  <system-out><![CDATA[]]></system-out>
  <system-err><![CDATA[]]></system-err>
</testsuite>
